Thu Mar  2 16:01:08 2023       
+-----------------------------------------------------------------------------+
| NVIDIA-SMI 470.57.02    Driver Version: 470.57.02    CUDA Version: 11.4     |
|-------------------------------+----------------------+----------------------+
| GPU  Name        Persistence-M| Bus-Id        Disp.A | Volatile Uncorr. ECC |
| Fan  Temp  Perf  Pwr:Usage/Cap|         Memory-Usage | GPU-Util  Compute M. |
|                               |                      |               MIG M. |
|===============================+======================+======================|
|   0  NVIDIA A100 80G...  On   | 00000000:65:00.0 Off |                    0 |
| N/A   27C    P0    42W / 300W |      0MiB / 80994MiB |      0%      Default |
|                               |                      |             Disabled |
+-------------------------------+----------------------+----------------------+
                                                                               
+-----------------------------------------------------------------------------+
| Processes:                                                                  |
|  GPU   GI   CI        PID   Type   Process name                  GPU Memory |
|        ID   ID                                                   Usage      |
|=============================================================================|
|  No running processes found                                                 |
+-----------------------------------------------------------------------------+
Disable distributed.
Path already exists. Rename it to /hpc/data/home/bme/zhangzb1/Kaggle/HAT/experiments/train_HAT-L_SRx4_scratch_Flickr360_v4_archived_20230302_160152
Path already exists. Rename it to /hpc/data/home/bme/zhangzb1/Kaggle/HAT/tb_logger/train_HAT-L_SRx4_scratch_Flickr360_v4_archived_20230302_160152
